2016-10-20T06:07:19.319Z - info: [anonymous] Express server listening...
2016-10-20T06:07:19.330Z - info: [dbConnected] Mongo DB connected...
2016-10-20T06:07:30.873Z - info: [module.exports.testExample] example called
2016-10-20T06:10:41.948Z - info: [anonymous] Express server listening...
2016-10-20T06:10:41.959Z - info: [dbConnected] Mongo DB connected...
2016-10-20T06:10:49.437Z - info: [module.exports.testExample] example called
2016-10-20T06:10:53.768Z - info: [module.exports.testExample] example called
2016-10-20T06:17:06.898Z - info: [anonymous] Express server listening...
2016-10-20T06:17:06.909Z - info: [dbConnected] Mongo DB connected...
2016-10-20T06:21:24.693Z - info: [anonymous] Express server listening...
2016-10-20T06:21:24.704Z - info: [dbConnected] Mongo DB connected...
2016-10-20T06:21:39.576Z - info: [anonymous] Express server listening...
2016-10-20T06:21:39.587Z - info: [dbConnected] Mongo DB connected...
2016-10-20T06:21:50.640Z - info: [module.exports.testExample] example v1 called
2016-10-20T06:22:01.442Z - info: [module.exports.testExample] example called
2016-10-20T06:33:42.007Z - info: [anonymous] Express server listening...
2016-10-20T06:33:42.018Z - info: [dbConnected] Mongo DB connected...
2016-10-20T06:33:47.926Z - info: [module.exports.testExample] example called
2016-10-20T06:33:54.684Z - info: [module.exports.testExample] function v1 called
2016-10-20T06:34:08.043Z - info: [module.exports.testExample] function v2 called
2016-10-20T06:55:57.399Z - info: [anonymous] Express server listening...
2016-10-20T06:55:57.411Z - info: [dbConnected] Mongo DB connected...
2016-10-20T06:56:08.858Z - info: [module.exports.testExample] function v2 called
2016-10-20T06:56:12.858Z - info: [module.exports.testExample] function v1 called
2016-10-20T06:56:53.741Z - info: [module.exports.testExample] function v2 called
2016-10-20T06:57:03.037Z - info: [module.exports.testExample] example called
